LogStart!
HIMAX HXTP [00:26:10:385539][thp_afe_open_project] HAL version v3.9.43
HIMAX HXTP [00:26:10:386101][thp_afe_open_project] Local timezone is 8
HIMAX HXTP [00:26:13:110389][checkBusAlive] Slave Bus Alive!(0x13:0x31)
HIMAX HXTP [00:26:13:111664][checkBusAlive] Bus check pass!(0x13:0x31)
HIMAX HXTP [00:26:13:421262][hx_OTP_read] B1 bank 3 param[1] = 0x57
HIMAX HXTP [00:26:13:422373][hx_OTP_read] B1 bank 3 param[2] = 0x32
HIMAX HXTP [00:26:13:422865][hx_OTP_read] B1 bank 3 param[3] = 0x37
HIMAX HXTP [00:26:13:423335][hx_OTP_read] B1 bank 3 param[4] = 0x33
HIMAX HXTP [00:26:13:423804][hx_OTP_read] B1 bank 3 param[5] = 0x41
HIMAX HXTP [00:26:13:424078][hx_OTP_read] B1 bank 3 param[6] = 0x53
HIMAX HXTP [00:26:13:424204][hx_OTP_read] B1 bank 3 param[7] = 0x32
HIMAX HXTP [00:26:13:424343][hx_OTP_read] B1 bank 3 param[8] = 0x37
HIMAX HXTP [00:26:13:424472][hx_OTP_read] B1 bank 3 param[9] = 0x30
HIMAX HXTP [00:26:13:424602][hx_OTP_read] B1 bank 3 param[10] = 0x30
HIMAX HXTP [00:26:13:439881][hx_OTP_read] E2h = 0
HIMAX HXTP [00:26:13:483905][hx_validate_ProjectID] id matched!(W273AS2700 = W273AS2700)
HIMAX HXTP [00:26:13:489036][getProjectID_OTP] Project ID = W273AS2700
HIMAX HXTP [00:26:13:489464][hx_firmware_remapping] Found CSOT panel!
HIMAX HXTP [00:26:13:742766][flashCheckCRCRaw] checkCount:2, crcResult:0, data:0x00000000
HIMAX HXTP [00:26:13:779986][thp_afe_open_project] Display version : 0x07, Cfg version : 0x41
HIMAX HXTP [00:26:13:781377][configParamByCfg] It's a master single frame firmware!
HIMAX HXTP [00:26:13:870665][thp_afe_open_project] open project True
HIMAX HXTP [00:26:13:872041][thp_afe_open_project] Out!
HIMAX HXTP [00:26:13:873707][thp_afe_stop] Entering!
HIMAX HXTP [00:26:13:952812][hx_set_raw_data_type] set raw out select : 00(0)
HIMAX HXTP [00:26:14:025573][hx_set_raw_data_type] set raw out select : 00(0)
HIMAX HXTP [00:26:14:135400][thp_afe_stop] SpiSetReset set low
HIMAX HXTP [00:26:14:136992][thp_afe_stop] Out!(ret = 0x0, io = True)
HIMAX HXTP [00:26:14:148356][thp_afe_start] Entering!
HIMAX HXTP [00:26:14:162522][thp_afe_start] SpiSetReset set high
HIMAX HXTP [00:26:14:203611][checkBusAlive] Slave Bus Alive!(0x13:0x31)
HIMAX HXTP [00:26:14:204351][checkBusAlive] Bus check pass!(0x13:0x31)
HIMAX HXTP [00:26:14:302838][hx_sense_on] Entering!(isHwReset=True)
HIMAX HXTP [00:26:14:421075][hx_set_N_frame] set N frame : 01
HIMAX HXTP [00:26:14:474109][hx_reload_set] set reload disable : disable
HIMAX HXTP [00:26:14:579241][hx_switch_mode] switch mode password(0x00000000) written!
HIMAX HXTP [00:26:14:580736][hx_hw_reset_ahb_intf] enter!
HIMAX HXTP [00:26:14:597291][hx_hw_reset_ahb_intf] clear reload done succeed
HIMAX HXTP [00:26:14:609425][hx_hw_reset_ahb_intf] SpiSetReset = 0
HIMAX HXTP [00:26:14:640376][hx_hw_reset_ahb_intf] SpiSetReset = 1
HIMAX HXTP [00:26:14:708377][hx_hw_reset_ahb_intf] out!(result=succeed)
HIMAX HXTP [00:26:14:753978][hx_sense_on] 0x900000A8 = 0x5
HIMAX HXTP [00:26:14:857937][hx_set_raw_data_type] set raw out select : F6(105)
HIMAX HXTP [00:26:14:926911][hx_set_raw_data_type] set raw out select : F6(105)
HIMAX HXTP [00:26:14:955045][hx_sense_on] Out!
HIMAX HXTP [00:26:15:001820][thp_afe_start] start cleaning buffer:
HIMAX HXTP [00:26:15:013615][thp_afe_start] slave 0 cleared
HIMAX HXTP [00:26:15:025613][thp_afe_start] master 0 cleared
HIMAX HXTP [00:26:15:037432][thp_afe_start] slave 1 cleared
HIMAX HXTP [00:26:15:049261][thp_afe_start] master 1 cleared
HIMAX HXTP [00:26:15:072131][thp_afe_start] slave 2 cleared
HIMAX HXTP [00:26:15:097222][thp_afe_start] master 2 cleared
HIMAX HXTP [00:26:15:098658][thp_afe_start] buffer clean up!
HIMAX HXTP [00:26:15:123514][thp_afe_start] time used : 973ms
HIMAX HXTP [00:26:15:124864][thp_afe_start] return THP_AFE_OK
HIMAX HXTP [00:26:15:125109][thp_afe_start] Out!
HIMAX HXTP [00:26:15:246444][thp_afe_set_charger] Entering!
HIMAX HXTP [00:26:15:248084][thp_afe_set_charger] set charger plugged = false
HIMAX HXTP [00:26:15:248337][thp_afe_set_charger] Out!
HIMAX HXTP [00:26:15:251042][thp_afe_get_project_id] Entering!
HIMAX HXTP [00:26:15:251285][thp_afe_get_project_id] Out!
HIMAX HXTP [00:26:15:251980][thp_afe_get_hw_cap] Entering!
HIMAX HXTP [00:26:15:252280][thp_afe_get_hw_cap] THP_AFE_NOISE_DETECT_ALL_FREQ 2!
HIMAX HXTP [00:26:15:252480][thp_afe_get_hw_cap] Out!
HIMAX HXTP [00:26:15:252689][thp_afe_get_hw_cap] Entering!
HIMAX HXTP [00:26:15:252878][thp_afe_get_hw_cap] THP_AFE_NOISE_DETECT_ALL_FREQ 2!
HIMAX HXTP [00:26:15:253018][thp_afe_get_hw_cap] Out!
HIMAX HXTP [00:26:15:253502][thp_afe_get_info] Entering!
HIMAX HXTP [00:26:15:253811][thp_afe_get_info] Out!
HIMAX HXTP [00:26:15:254036][thp_afe_get_info] Entering!
HIMAX HXTP [00:26:15:254218][thp_afe_get_info] Out!
HIMAX HXTP [00:26:15:297911][thp_afe_set_charger] Entering!
HIMAX HXTP [00:26:15:299519][thp_afe_set_charger] set charger plugged = false
HIMAX HXTP [00:26:15:299860][thp_afe_set_charger] Out!
HIMAX HXTP [00:26:15:302058][thp_afe_enable_hpp3_0] Entering!
HIMAX HXTP [00:26:15:302395][thp_afe_enable_hpp3_0] Out!
HIMAX HXTP [00:26:15:302668][thp_afe_set_stylus_connect] Entering! connect = 1
HIMAX HXTP [00:26:15:302879][thp_afe_set_stylus_connect] Out!
HIMAX HXTP [00:26:15:311382][thp_afe_get_info] Entering!
HIMAX HXTP [00:26:15:311906][thp_afe_get_info] Out!
HIMAX HXTP [00:26:15:329177][thp_afe_enable_hpp3_0] Entering!
HIMAX HXTP [00:26:15:329624][thp_afe_enable_hpp3_0] Out!
HIMAX HXTP [00:26:15:329775][thp_afe_set_stylus_connect] Entering! connect = 1
HIMAX HXTP [00:26:15:329951][thp_afe_set_stylus_connect] Out!
HIMAX HXTP [00:26:15:363081][thp_afe_set_charger] Entering!
HIMAX HXTP [00:26:15:365509][thp_afe_set_charger] set charger plugged = true
HIMAX HXTP [00:26:15:365890][thp_afe_set_charger] Out!
HIMAX HXTP [00:26:15:367721][logStatus] 
[HXTHP][HAL]STATUS[000]:     0     1     0   187   123     7     0     0     0    12     0   360
[HXTHP][HAL]STATUS[012]:     2   222    49     0    62     0     0     0     0     0     0   678
[HXTHP][HAL]STATUS[024]:     0     0     0 39321     1   345     0     0     0     0   111     0
[HXTHP][HAL]STATUS[036]: 22052     0   102     0     0     0     0     0     0     0     0   987
[HXTHP][HAL]STATUS[048]:     0     0     0   555     0   777   255   255   888   624   157     0
[HXTHP][HAL]STATUS[060]:     0     0     0     0     0     0     0     0     0     0     0     0
[HXTHP][HAL]STATUS[072]:     0     0     0     0     0     0     0     0     0     0     0     0
[HXTHP][HAL]STATUS[084]:     0     0     0     0     0     0     0     0     0     0     0     0
[HXTHP][HAL]STATUS[096]:     0     0     0  8888 32766     0     0     0     0     0     0     0
[HXTHP][HAL]STATUS[108]:     0     0     0     0     0     0     0     0     0     0     0     0
[HXTHP][HAL]STATUS[120]:     0     0     0     0     0     0     0     0

HIMAX HXTP [00:26:15:395261][logStatus] 
[HXTHP][HAL]STATUS[000]:     0     1     0   187   123     7     0     0     0    13     0   360
[HXTHP][HAL]STATUS[012]:     2   222    90     0   118     0     0     0     0     0     0   678
[HXTHP][HAL]STATUS[024]:     0     0     0 39321     1   345     0     0     0     0   111     0
[HXTHP][HAL]STATUS[036]: 23068     0   102     0     0     0     0     0     0     0     0   987
[HXTHP][HAL]STATUS[048]:     0     0     0   555     0   777   255   255   888 63323   157     0
[HXTHP][HAL]STATUS[060]:     0     0     0     0     0     0     0     0     0     0     0     0
[HXTHP][HAL]STATUS[072]:     0     0     0     0     0     0     0     0     0     0     0     0
[HXTHP][HAL]STATUS[084]:     0     0     0     0     0     0     0     0     0     0     0     0
[HXTHP][HAL]STATUS[096]:     0     0     0  8888 32766 32747     0     0   106     0     0     0
[HXTHP][HAL]STATUS[108]:     0     0     0     0     0     0     0     0     0     0     0     0
[HXTHP][HAL]STATUS[120]:     0     0     0     0     0     0     0     0

HIMAX HXTP [00:26:15:420643][logStatus] 
[HXTHP][HAL]STATUS[000]:     0     1     0   187   123     7     0     0     0    41     0   360
[HXTHP][HAL]STATUS[012]:     2   222     0     0   159     0     0     0     0     0     0   678
[HXTHP][HAL]STATUS[024]:     0     0     0 39321     1   345     0     0     0     0   111     0
[HXTHP][HAL]STATUS[036]: 22133     0   102     0     0     0     0     0     0     0     0   987
[HXTHP][HAL]STATUS[048]:     0     0     0   555     0   777   255   255   888  6193   157     0
[HXTHP][HAL]STATUS[060]:     0     0     0     0     0     0     0     0     0     0     0     0
[HXTHP][HAL]STATUS[072]:     0     0     0     0     0     0     0     0     0     0     0     0
[HXTHP][HAL]STATUS[084]:     0     0     0     0     0     0     0     0     0     0     0     0
[HXTHP][HAL]STATUS[096]:     0     0     0  8888 32795 32747     0     0   106     0     0     0
[HXTHP][HAL]STATUS[108]:     0     0     0     0     0     0     0     0     0     0     0     0
[HXTHP][HAL]STATUS[120]:     0     0     0     0     0     0     0     0

HIMAX HXTP [00:26:15:431819][thp_afe_clear_status] Entering!
HIMAX HXTP [00:26:15:433365][thp_afe_clear_status] clear [calibration done] status
HIMAX HXTP [00:26:15:522644][hx_send_command] Read back command 0x10007550 : 00 00 00 00 08 00 00 00 00 00 00 00 00 00 4A 75
HIMAX HXTP [00:26:15:524271][thp_afe_clear_status] Out!
HIMAX HXTP [00:26:15:550534][logStatus] 
[HXTHP][HAL]STATUS[000]:     0     1     0   187   123     7     0     0     0    46     0   360
[HXTHP][HAL]STATUS[012]:     2   222     0     0   207     0     0     0     0     0     0   678
[HXTHP][HAL]STATUS[024]:     0     0     0 39321     1   345     0     0     0     0   111     0
[HXTHP][HAL]STATUS[036]: 23414     0   102     0     0     0     0     0     0     0     0   987
[HXTHP][HAL]STATUS[048]:     0     0     0   555     0   777   255   255   888   179   157     0
[HXTHP][HAL]STATUS[060]:     0     0     0     0     0     0     0     0     0     0     0     0
[HXTHP][HAL]STATUS[072]:     0     0     0     0     0     0     0     0     0     0     0     0
[HXTHP][HAL]STATUS[084]:     0     0     0     0     0     0     0     0     0     0     0     0
[HXTHP][HAL]STATUS[096]:     0     0     0  8888 32788 32747     0     0     0     0     0     0
[HXTHP][HAL]STATUS[108]:     0     0     0     0     0     0     0     0     0     0     0     0
[HXTHP][HAL]STATUS[120]:     0     0     0     0     0     0     0     0

HIMAX HXTP [00:26:15:562330][thp_afe_clear_status] Entering!
HIMAX HXTP [00:26:15:563916][thp_afe_clear_status] clear [calibration done] status
HIMAX HXTP [00:26:15:645762][readRegisterRaw_intf] ED FE AD DE
HIMAX HXTP [00:26:15:680754][hx_send_command] Read back command 0x10007560 : 00 00 00 00 08 00 00 00 00 00 00 00 00 00 4A 75
HIMAX HXTP [00:26:15:682163][thp_afe_clear_status] Out!
HIMAX HXTP [00:26:15:703912][logStatus] 
[HXTHP][HAL]STATUS[000]:     0     1     0   187   123     7     0     0     0    49     0   360
[HXTHP][HAL]STATUS[012]:     2   222    42     0   101     0     0     0     0     0     0   678
[HXTHP][HAL]STATUS[024]:     0     0     0 39321     1   345     0     0     0     0   111     0
[HXTHP][HAL]STATUS[036]: 23233     0   102     0     0     0     0     0     0     0     0   987
[HXTHP][HAL]STATUS[048]:     0     0     0   555     0   777   255   255   888  3745   157     0
[HXTHP][HAL]STATUS[060]:     0     0     0     0     0     0     0     0     0     0     0     0
[HXTHP][HAL]STATUS[072]:     0     0     0     0     0     0     0     0     0     0     0     0
[HXTHP][HAL]STATUS[084]:     0     0     0     0     0     0     0     0     0     0     0     0
[HXTHP][HAL]STATUS[096]:     0     0     0  8888 32795 32747     0     0     0     0     0     0
[HXTHP][HAL]STATUS[108]:     0     0     0     0     0     0     0     0     0     0     0     0
[HXTHP][HAL]STATUS[120]:     0     0     0     0     0     0     0     0

HIMAX HXTP [00:26:15:717603][thp_afe_clear_status] Entering!
HIMAX HXTP [00:26:15:719042][thp_afe_clear_status] clear [calibration done] status
HIMAX HXTP [00:26:15:804100][readRegisterRaw_intf] ED FE AD DE
HIMAX HXTP [00:26:15:839399][hx_send_command] Read back command 0x10007570 : 00 00 00 00 08 00 00 00 00 00 00 00 00 00 4A 75
HIMAX HXTP [00:26:15:840808][thp_afe_clear_status] Out!
HIMAX HXTP [00:26:37:927330][thp_afe_reset_idle_baseline] Entering!
HIMAX HXTP [00:26:37:930816][thp_afe_reset_idle_baseline] Out!
HIMAX HXTP [00:26:37:994701][thp_afe_set_idle_touch_threshold] Entering!
HIMAX HXTP [00:26:37:996122][thp_afe_set_idle_touch_threshold] Out!
HIMAX HXTP [00:26:37:996390][thp_afe_set_baseline_update_interval] Entering!
HIMAX HXTP [00:26:37:996631][thp_afe_set_baseline_update_interval] Out!
HIMAX HXTP [00:26:38:005628][thp_afe_enter_idle] Entering!
HIMAX HXTP [00:26:38:081522][hx_send_command] Read back command 0x10007580 : 00 00 00 00 00 00 00 00 00 00 00 00 00 00 4E 75
HIMAX HXTP [00:26:38:104076][thp_afe_enter_idle] Out!
HIMAX HXTP [00:26:38:126457][logStatus] 
[HXTHP][HAL]STATUS[000]:     0     1     0     0   123     7     0     0     0  2756     0   360
[HXTHP][HAL]STATUS[012]:     2   222    27     0   191     0     0     6     0     0     0   678
[HXTHP][HAL]STATUS[024]:     0     0     0 39321     1   345     0     0     0     0   111     0
[HXTHP][HAL]STATUS[036]: 37336     0   102     0     0     0     0     0     0     0     0   987
[HXTHP][HAL]STATUS[048]:     0     0     0   555     0   777   255   255   888 51533   157     0
[HXTHP][HAL]STATUS[060]:     0     0     0     0     0     0     0     0     0     0     0     0
[HXTHP][HAL]STATUS[072]:     0     0     0     0     0     0     0     0     0     0     0     0
[HXTHP][HAL]STATUS[084]:     0     0     0     0     0     0     0     0     0     0     0     0
[HXTHP][HAL]STATUS[096]:     0     0     0  8888 32795 32747     0     0     0     0     0     0
[HXTHP][HAL]STATUS[108]:     0     0     0     0     0     0     0     0     0     0     0     0
[HXTHP][HAL]STATUS[120]:     0     0     0     0     0     0     0     0

HIMAX HXTP [00:26:38:149960][logStatus] 
[HXTHP][HAL]STATUS[000]:     0     1     0     0   123     7     0     0     0  2758     0   360
[HXTHP][HAL]STATUS[012]:     2   222    75     0   127     0     0     6     0     0     0   678
[HXTHP][HAL]STATUS[024]:     0     0     0 39321     1   345     0     0     0     0   111     0
[HXTHP][HAL]STATUS[036]: 30889     0   102     0     0     0     0     0     0     0     0   987
[HXTHP][HAL]STATUS[048]:     0     0     0   555     0   777   255   255   888 55124   157     0
[HXTHP][HAL]STATUS[060]:     0     0     0     0     0     0     0     0     0     0     0     0
[HXTHP][HAL]STATUS[072]:     0     0     0     0     0     0     0     0     0     0     0     0
[HXTHP][HAL]STATUS[084]:     0     0     0     0     0     0     0     0     0     0     0     0
[HXTHP][HAL]STATUS[096]:     0     0     0  8888 32793 32747     0     0   104     0     0     0
[HXTHP][HAL]STATUS[108]:     0     0     0     0     0     0     0     0     0     0     0     0
[HXTHP][HAL]STATUS[120]:     0     0     0     0     0     0     0     0

HIMAX HXTP [00:26:38:405168][thp_afe_get_frame] Slave INT Open!(253422us)
HIMAX HXTP [00:26:38:447930][thp_afe_get_frame] pen All zero!
HIMAX HXTP [00:26:38:449470][thp_afe_get_frame] pen All zero!
HIMAX HXTP [00:26:38:690321][thp_afe_get_frame] Master INT Open!(240611us)
HIMAX HXTP [00:26:38:728342][thp_afe_get_frame] hand All Zero!
HIMAX HXTP [00:26:38:729874][thp_afe_get_frame] Data all zero
HIMAX HXTP [00:26:38:980453][thp_afe_get_frame] Slave INT Open!(249046us)
HIMAX HXTP [00:26:39:028069][thp_afe_get_frame] pen All zero!
HIMAX HXTP [00:26:39:030311][thp_afe_get_frame] pen All zero!
HIMAX HXTP [00:26:39:275120][thp_afe_get_frame] Master INT Open!(244533us)
HIMAX HXTP [00:26:39:319911][thp_afe_get_frame] hand All Zero!
HIMAX HXTP [00:26:39:321429][thp_afe_get_frame] Data all zero
HIMAX HXTP [00:26:39:553577][thp_afe_get_frame] Slave INT Open!(230663us)
HIMAX HXTP [00:26:39:596215][thp_afe_get_frame] pen All zero!
HIMAX HXTP [00:26:39:597737][thp_afe_get_frame] pen All zero!
HIMAX HXTP [00:26:39:836482][thp_afe_get_frame] Master INT Open!(238564us)
HIMAX HXTP [00:26:39:876363][thp_afe_get_frame] hand All Zero!
HIMAX HXTP [00:26:39:877915][thp_afe_get_frame] gAllZeroCount >= 5, FW reset SOS!
HIMAX HXTP [00:26:39:879961][thp_afe_set_idle_touch_threshold] Entering!
HIMAX HXTP [00:26:39:880298][thp_afe_set_idle_touch_threshold] Out!
HIMAX HXTP [00:26:39:880525][thp_afe_set_baseline_update_interval] Entering!
HIMAX HXTP [00:26:39:880742][thp_afe_set_baseline_update_interval] Out!
HIMAX HXTP [00:26:39:889791][thp_afe_enter_idle] Entering!
HIMAX HXTP [00:26:39:965369][hx_send_command] Read back command 0x10007590 : 00 00 00 00 00 00 00 00 00 00 00 00 00 00 4E 75
HIMAX HXTP [00:26:39:989067][thp_afe_enter_idle] Out!
HIMAX HXTP [00:26:39:992035][thp_afe_stop] Entering!
HIMAX HXTP [00:26:40:059903][hx_set_raw_data_type] set raw out select : 00(0)
HIMAX HXTP [00:26:40:127640][hx_set_raw_data_type] set raw out select : 00(0)
HIMAX HXTP [00:26:40:210877][thp_afe_stop] SpiSetReset set low
HIMAX HXTP [00:26:40:212488][thp_afe_stop] Out!(ret = 0x0, io = True)
HIMAX HXTP [00:26:40:221921][thp_afe_start] Entering!
HIMAX HXTP [00:26:40:234073][thp_afe_start] SpiSetReset set high
HIMAX HXTP [00:26:40:276204][checkBusAlive] Slave Bus Alive!(0x13:0x31)
HIMAX HXTP [00:26:40:276936][checkBusAlive] Bus check pass!(0x13:0x31)
HIMAX HXTP [00:26:40:376688][hx_sense_on] Entering!(isHwReset=True)
HIMAX HXTP [00:26:40:490970][hx_set_N_frame] set N frame : 01
HIMAX HXTP [00:26:40:543308][hx_reload_set] set reload disable : disable
HIMAX HXTP [00:26:40:641345][hx_switch_mode] switch mode password(0x00000000) written!
HIMAX HXTP [00:26:40:642886][hx_hw_reset_ahb_intf] enter!
HIMAX HXTP [00:26:40:659671][hx_hw_reset_ahb_intf] clear reload done succeed
HIMAX HXTP [00:26:40:671994][hx_hw_reset_ahb_intf] SpiSetReset = 0
HIMAX HXTP [00:26:40:707159][hx_hw_reset_ahb_intf] SpiSetReset = 1
HIMAX HXTP [00:26:40:774115][hx_hw_reset_ahb_intf] out!(result=succeed)
HIMAX HXTP [00:26:40:820650][hx_sense_on] 0x900000A8 = 0x5
HIMAX HXTP [00:26:40:920858][hx_set_raw_data_type] set raw out select : F6(105)
HIMAX HXTP [00:26:40:971867][readRegisterRaw_intf] ED FE AD DE
HIMAX HXTP [00:26:41:005900][readRegisterRaw_intf] ED FE AD DE
HIMAX HXTP [00:26:41:041841][readRegisterRaw_intf] ED FE AD DE
HIMAX HXTP [00:26:41:092858][hx_set_raw_data_type] set raw out select : F6(105)
HIMAX HXTP [00:26:41:115877][hx_sense_on] Out!
HIMAX HXTP [00:26:41:160994][thp_afe_start] start cleaning buffer:
HIMAX HXTP [00:26:41:171863][thp_afe_start] slave 0 cleared
HIMAX HXTP [00:26:41:182711][thp_afe_start] master 0 cleared
HIMAX HXTP [00:26:41:193064][thp_afe_start] slave 1 cleared
HIMAX HXTP [00:26:41:203809][thp_afe_start] master 1 cleared
HIMAX HXTP [00:26:41:225203][thp_afe_start] slave 2 cleared
HIMAX HXTP [00:26:41:246895][thp_afe_start] master 2 cleared
HIMAX HXTP [00:26:41:248346][thp_afe_start] buffer clean up!
HIMAX HXTP [00:26:41:270113][thp_afe_start] time used : 1046ms
HIMAX HXTP [00:26:41:271526][thp_afe_start] return THP_AFE_OK
HIMAX HXTP [00:26:41:271849][thp_afe_start] Out!
HIMAX HXTP [00:26:41:295096][logStatus] 
[HXTHP][HAL]STATUS[000]:     0     1     0   187   123     7     0     0     0    24     0   360
[HXTHP][HAL]STATUS[012]:     2   222     0     0   197     0     0     0     0     0     0   678
[HXTHP][HAL]STATUS[024]:     0     0     0 39321     1   345     0     0     0     0   111     0
[HXTHP][HAL]STATUS[036]: 22535     0   102     0     0     0     0     0     0     0     0   987
[HXTHP][HAL]STATUS[048]:     0     0     0   555     0   777   255   255   888    44   157     0
[HXTHP][HAL]STATUS[060]:     0     0     0     0     0     0     0     0     0     0     0     0
[HXTHP][HAL]STATUS[072]:     0     0     0     0     0     0     0     0     0     0     0     0
[HXTHP][HAL]STATUS[084]:     0     0     0     0     0     0     0     0     0     0     0     0
[HXTHP][HAL]STATUS[096]:     0     0     0  8888 32795 32747     0     0     0     0     0     0
[HXTHP][HAL]STATUS[108]:     0     0     0     0     0     0     0     0     0     0     0     0
[HXTHP][HAL]STATUS[120]:     0     0     0     0     0     0     0     0

HIMAX HXTP [00:26:41:316314][logStatus] 
[HXTHP][HAL]STATUS[000]:     0     1     0   187   123     7     0     0     0    25     0   360
[HXTHP][HAL]STATUS[012]:     2   222    28     0   196     0     0     0     0     0     0   678
[HXTHP][HAL]STATUS[024]:     0     0     0 39321     1   345     0     0     0     0   111     0
[HXTHP][HAL]STATUS[036]: 19136     0   102     0     0     0     0     0     0     0     0   987
[HXTHP][HAL]STATUS[048]:     0     0     0   555     0   777   255   255   888  6649   157     0
[HXTHP][HAL]STATUS[060]:     0     0     0     0     0     0     0     0     0     0     0     0
[HXTHP][HAL]STATUS[072]:     0     0     0     0     0     0     0     0     0     0     0     0
[HXTHP][HAL]STATUS[084]:     0     0     0     0     0     0     0     0     0     0     0     0
[HXTHP][HAL]STATUS[096]:     0     0     0  8888 32766 32747     0     0     0     0     0     0
[HXTHP][HAL]STATUS[108]:     0     0     0     0     0     0     0     0     0     0     0     0
[HXTHP][HAL]STATUS[120]:     0     0     0     0     0     0     0     0

HIMAX HXTP [00:26:41:337620][logStatus] 
[HXTHP][HAL]STATUS[000]:     0     1     0   187   123     7     0     0     0    28     0   360
[HXTHP][HAL]STATUS[012]:     2   222  4699     0   418     0     0     0     0     0     0   678
[HXTHP][HAL]STATUS[024]:     0     0     0 39321     1   345     0     0     0     0   111     0
[HXTHP][HAL]STATUS[036]: 23356     0   102     0     0     0     0     0     0     0     0   987
[HXTHP][HAL]STATUS[048]:     0     0     0   555     0   777   255   255   888 65238   157     0
[HXTHP][HAL]STATUS[060]:     0     0     0     0     0     0     0     0     0     0     0     0
[HXTHP][HAL]STATUS[072]:     0     0     0     0     0     0     0     0     0     0     0     0
[HXTHP][HAL]STATUS[084]:     0     0     0     0     0     0     0     0     0     0     0     0
[HXTHP][HAL]STATUS[096]:     0     0     0  8888 32795 32747     0     0     0     0     0     0
[HXTHP][HAL]STATUS[108]:     0     0     0     0     0     0     0     0     0     0     0     0
[HXTHP][HAL]STATUS[120]:     0     0     0     0     0     0     0     0

HIMAX HXTP [00:26:41:347541][thp_afe_clear_status] Entering!
HIMAX HXTP [00:26:41:349043][thp_afe_clear_status] clear [calibration done] status
HIMAX HXTP [00:26:41:422638][hx_send_command] Read back command 0x10007550 : 00 00 00 00 08 00 00 00 00 00 00 00 00 00 4A 75
HIMAX HXTP [00:26:41:424081][thp_afe_clear_status] Out!
HIMAX HXTP [00:26:41:445803][logStatus] 
[HXTHP][HAL]STATUS[000]:     0     1     0   187   123     7     0     0     0    31     0   360
[HXTHP][HAL]STATUS[012]:     2   222     0     0  1085     0     0     0     0     0     0   678
[HXTHP][HAL]STATUS[024]:     0     0     0 39321     1   345     0     0     0     0   111     0
[HXTHP][HAL]STATUS[036]: 23740     0   102     0     0     0     0     0     0     0     0   987
[HXTHP][HAL]STATUS[048]:     0     0     0   555     0   777   255   255   888  9096   157     0
[HXTHP][HAL]STATUS[060]:     0     0     0     0     0     0     0     0     0     0     0     0
[HXTHP][HAL]STATUS[072]:     0     0     0     0     0     0     0     0     0     0     0     0
[HXTHP][HAL]STATUS[084]:     0     0     0     0     0     0     0     0     0     0     0     0
[HXTHP][HAL]STATUS[096]:     0     0     0  8888 32793 32747     0     0     0     0     0     0
[HXTHP][HAL]STATUS[108]:     0     0     0     0     0     0     0     0     0     0     0     0
[HXTHP][HAL]STATUS[120]:     0     0     0     0     0     0     0     0

HIMAX HXTP [00:26:41:456327][thp_afe_clear_status] Entering!
HIMAX HXTP [00:26:41:457865][thp_afe_clear_status] clear [calibration done] status
HIMAX HXTP [00:26:41:531258][hx_send_command] Read back command 0x10007560 : 00 00 00 00 08 00 00 00 00 00 00 00 00 00 4A 75
HIMAX HXTP [00:26:41:532607][thp_afe_clear_status] Out!
HIMAX HXTP [00:26:41:555908][logStatus] 
[HXTHP][HAL]STATUS[000]:     0     1     0   187   123     7     0     0     0    33     0   360
[HXTHP][HAL]STATUS[012]:     2   222    13     0   233     0     0     0     0     0     0   678
[HXTHP][HAL]STATUS[024]:     0     0     0 39321     1   345     0     0     0     0   111     0
[HXTHP][HAL]STATUS[036]: 27407     0   102     0     0     0     0     0     0     0     0   987
[HXTHP][HAL]STATUS[048]:     0     0     0   555     0   777   255   255   888 63528   157     0
[HXTHP][HAL]STATUS[060]:     0     0     0     0     0     0     0     0     0     0     0     0
[HXTHP][HAL]STATUS[072]:     0     0     0     0     0     0     0     0     0     0     0     0
[HXTHP][HAL]STATUS[084]:     0     0     0     0     0     0     0     0     0     0     0     0
[HXTHP][HAL]STATUS[096]:     0     0     0  8888 32794 32747     0     0     0     0     0     0
[HXTHP][HAL]STATUS[108]:     0     0     0     0     0     0     0     0     0     0     0     0
[HXTHP][HAL]STATUS[120]:     0     0     0     0     0     0     0     0

HIMAX HXTP [00:26:41:566771][thp_afe_clear_status] Entering!
HIMAX HXTP [00:26:41:568280][thp_afe_clear_status] clear [calibration done] status
HIMAX HXTP [00:26:41:647628][hx_send_command] Read back command 0x10007570 : 00 00 00 00 08 00 00 00 00 00 00 00 00 00 4A 75
HIMAX HXTP [00:26:41:649020][thp_afe_clear_status] Out!
HIMAX HXTP [00:26:51:913103][thp_afe_reset_idle_baseline] Entering!
HIMAX HXTP [00:26:51:916583][thp_afe_reset_idle_baseline] Out!
HIMAX HXTP [00:26:51:983775][thp_afe_set_idle_touch_threshold] Entering!
HIMAX HXTP [00:26:51:985211][thp_afe_set_idle_touch_threshold] Out!
HIMAX HXTP [00:26:51:985479][thp_afe_set_baseline_update_interval] Entering!
HIMAX HXTP [00:26:51:985725][thp_afe_set_baseline_update_interval] Out!
HIMAX HXTP [00:26:51:996410][thp_afe_enter_idle] Entering!
HIMAX HXTP [00:26:52:070818][hx_send_command] Read back command 0x10007580 : 00 00 00 00 00 00 00 00 00 00 00 00 00 00 4E 75
HIMAX HXTP [00:26:52:095719][thp_afe_enter_idle] Out!
HIMAX HXTP [00:26:52:121286][logStatus] 
[HXTHP][HAL]STATUS[000]:     0     1     0     0   123     7     0     0     0  1308     0   360
[HXTHP][HAL]STATUS[012]:     2   222     1     0    41     0     0     6     0     0     0   678
[HXTHP][HAL]STATUS[024]:     0     0     0 39321     1   345     0     0     0     0   111     0
[HXTHP][HAL]STATUS[036]: 28334     0   102     0     0     0     0     0     0     0     0   987
[HXTHP][HAL]STATUS[048]:     0     0     0   555     0   777   255   255   888 60985   157     0
[HXTHP][HAL]STATUS[060]:     0     0     0     0     0     0     0     0     0     0     0     0
[HXTHP][HAL]STATUS[072]:     0     0     0     0     0     0     0     0     0     0     0     0
[HXTHP][HAL]STATUS[084]:     0     0     0     0     0     0     0     0     0     0     0     0
[HXTHP][HAL]STATUS[096]:     0     0     0  8888 32793 32747     0     0   103     0     0     0
[HXTHP][HAL]STATUS[108]:     0     0     0     0     0     0     0     0     0     0     0     0
[HXTHP][HAL]STATUS[120]:     0     0     0     0     0     0     0     0

HIMAX HXTP [00:26:52:147758][logStatus] 
[HXTHP][HAL]STATUS[000]:     0     1     0     0   123     7     0     0     0  1311     0   360
[HXTHP][HAL]STATUS[012]:     2   222     1     0    57     0     0     6     0     0     0   678
[HXTHP][HAL]STATUS[024]:     0     0     0 39321     1   345     0     0     0     0   111     0
[HXTHP][HAL]STATUS[036]: 27726     0   102     0     0     0     0     0     0     0     0   987
[HXTHP][HAL]STATUS[048]:     0     0     0   555     0   777   255   255   888 59500   157     0
[HXTHP][HAL]STATUS[060]:     0     0     0     0     0     0     0     0     0     0     0     0
[HXTHP][HAL]STATUS[072]:     0     0     0     0     0     0     0     0     0     0     0     0
[HXTHP][HAL]STATUS[084]:     0     0     0     0     0     0     0     0     0     0     0     0
[HXTHP][HAL]STATUS[096]:     0     0     0  8888 32794 32747     0     0   106     0     0     0
[HXTHP][HAL]STATUS[108]:     0     0     0     0     0     0     0     0     0     0     0     0
[HXTHP][HAL]STATUS[120]:     0     0     0     0     0     0     0     0

HIMAX HXTP [00:26:52:392287][thp_afe_get_frame] Slave INT Open!(242462us)
HIMAX HXTP [00:26:52:437131][thp_afe_get_frame] pen All zero!
HIMAX HXTP [00:26:52:438583][thp_afe_get_frame] pen All zero!
HIMAX HXTP [00:26:52:677371][thp_afe_get_frame] Master INT Open!(238601us)
HIMAX HXTP [00:26:52:719188][thp_afe_get_frame] hand All Zero!
HIMAX HXTP [00:26:52:720941][thp_afe_get_frame] Data all zero
HIMAX HXTP [00:26:52:957046][thp_afe_get_frame] Slave INT Open!(234504us)
HIMAX HXTP [00:26:53:000482][thp_afe_get_frame] pen All zero!
HIMAX HXTP [00:26:53:001930][thp_afe_get_frame] pen All zero!
HIMAX HXTP [00:26:53:249930][thp_afe_get_frame] Master INT Open!(247804us)
HIMAX HXTP [00:26:53:296692][thp_afe_get_frame] hand All Zero!
HIMAX HXTP [00:26:53:298281][thp_afe_get_frame] Data all zero
HIMAX HXTP [00:26:53:540764][thp_afe_get_frame] Slave INT Open!(240886us)
HIMAX HXTP [00:26:53:575247][thp_afe_get_frame] pen All zero!
HIMAX HXTP [00:26:53:576727][thp_afe_get_frame] pen All zero!
HIMAX HXTP [00:26:53:811122][thp_afe_get_frame] Master INT Open!(234202us)
HIMAX HXTP [00:26:53:857040][thp_afe_get_frame] hand All Zero!
HIMAX HXTP [00:26:53:858626][thp_afe_get_frame] gAllZeroCount >= 5, FW reset SOS!
HIMAX HXTP [00:26:53:860697][thp_afe_set_idle_touch_threshold] Entering!
HIMAX HXTP [00:26:53:860950][thp_afe_set_idle_touch_threshold] Out!
HIMAX HXTP [00:26:53:861179][thp_afe_set_baseline_update_interval] Entering!
HIMAX HXTP [00:26:53:861392][thp_afe_set_baseline_update_interval] Out!
HIMAX HXTP [00:26:53:870843][thp_afe_enter_idle] Entering!
HIMAX HXTP [00:26:53:945465][hx_send_command] Read back command 0x10007590 : 00 00 00 00 00 00 00 00 00 00 00 00 00 00 4E 75
HIMAX HXTP [00:26:53:969104][thp_afe_enter_idle] Out!
HIMAX HXTP [00:26:53:972101][thp_afe_stop] Entering!
HIMAX HXTP [00:26:54:041032][hx_set_raw_data_type] set raw out select : 00(0)
HIMAX HXTP [00:26:54:109768][hx_set_raw_data_type] set raw out select : 00(0)
HIMAX HXTP [00:26:54:195622][thp_afe_stop] SpiSetReset set low
HIMAX HXTP [00:26:54:197196][thp_afe_stop] Out!(ret = 0x0, io = True)
HIMAX HXTP [00:26:54:208107][thp_afe_start] Entering!
HIMAX HXTP [00:26:54:221431][thp_afe_start] SpiSetReset set high
HIMAX HXTP [00:26:54:252533][checkBusAlive] Slave Bus Alive!(0x13:0x31)
HIMAX HXTP [00:26:54:253244][checkBusAlive] Bus check pass!(0x13:0x31)
HIMAX HXTP [00:26:54:351823][hx_sense_on] Entering!(isHwReset=True)
HIMAX HXTP [00:26:54:473194][hx_set_N_frame] set N frame : 01
HIMAX HXTP [00:26:54:525508][hx_reload_set] set reload disable : disable
HIMAX HXTP [00:26:54:626504][hx_switch_mode] switch mode password(0x00000000) written!
HIMAX HXTP [00:26:54:628022][hx_hw_reset_ahb_intf] enter!
HIMAX HXTP [00:26:54:644905][hx_hw_reset_ahb_intf] clear reload done succeed
HIMAX HXTP [00:26:54:657398][hx_hw_reset_ahb_intf] SpiSetReset = 0
HIMAX HXTP [00:26:54:688222][hx_hw_reset_ahb_intf] SpiSetReset = 1
HIMAX HXTP [00:26:54:754736][hx_hw_reset_ahb_intf] out!(result=succeed)
HIMAX HXTP [00:26:54:802226][hx_sense_on] 0x900000A8 = 0x5
HIMAX HXTP [00:26:54:907337][hx_set_raw_data_type] set raw out select : F6(105)
HIMAX HXTP [00:26:54:979980][hx_set_raw_data_type] set raw out select : F6(105)
HIMAX HXTP [00:26:55:004083][hx_sense_on] Out!
HIMAX HXTP [00:26:55:051656][thp_afe_start] start cleaning buffer:
HIMAX HXTP [00:26:55:063364][thp_afe_start] slave 0 cleared
HIMAX HXTP [00:26:55:075702][thp_afe_start] master 0 cleared
HIMAX HXTP [00:26:55:087470][thp_afe_start] slave 1 cleared
HIMAX HXTP [00:26:55:098926][thp_afe_start] master 1 cleared
HIMAX HXTP [00:26:55:121236][thp_afe_start] slave 2 cleared
HIMAX HXTP [00:26:55:145675][thp_afe_start] master 2 cleared
HIMAX HXTP [00:26:55:147111][thp_afe_start] buffer clean up!
HIMAX HXTP [00:26:55:169717][thp_afe_start] time used : 959ms
HIMAX HXTP [00:26:55:171071][thp_afe_start] return THP_AFE_OK
HIMAX HXTP [00:26:55:171351][thp_afe_start] Out!
HIMAX HXTP [00:26:55:195516][logStatus] 
[HXTHP][HAL]STATUS[000]:     0     1     0   187   123     7     0     0     0    14     0   360
[HXTHP][HAL]STATUS[012]:     2   222     0     0   920     0     0     0     0     0     0   678
[HXTHP][HAL]STATUS[024]:     0     0     0 39321     1   345     0     0     0     0   111     0
[HXTHP][HAL]STATUS[036]: 24966     0   102     0     0     0     0     0     0     0     0   987
[HXTHP][HAL]STATUS[048]:     0     0     0   555     0   777   255   255   888 64019   157     0
[HXTHP][HAL]STATUS[060]:     0     0     0     0     0     0     0     0     0     0     0     0
[HXTHP][HAL]STATUS[072]:     0     0     0     0     0     0     0     0     0     0     0     0
[HXTHP][HAL]STATUS[084]:     0     0     0     0     0     0     0     0     0     0     0     0
[HXTHP][HAL]STATUS[096]:     0     0     0  8888 32793 32747     0     0     0     0     0     0
[HXTHP][HAL]STATUS[108]:     0     0     0     0     0     0     0     0     0     0     0     0
[HXTHP][HAL]STATUS[120]:     0     0     0     0     0     0     0     0

HIMAX HXTP [00:26:55:219122][logStatus] 
[HXTHP][HAL]STATUS[000]:     0     1     0   187   123     7     0     0     0    15     0   360
[HXTHP][HAL]STATUS[012]:     2   222     9     0   193     0     0     0     0     0     0   678
[HXTHP][HAL]STATUS[024]:     0     0     0 39321     1   345     0     0     0     0   111     0
[HXTHP][HAL]STATUS[036]: 24150     0   102     0     0     0     0     0     0     0     0   987
[HXTHP][HAL]STATUS[048]:     0     0     0   555     0   777   255   255   888 63471   157     0
[HXTHP][HAL]STATUS[060]:     0     0     0     0     0     0     0     0     0     0     0     0
[HXTHP][HAL]STATUS[072]:     0     0     0     0     0     0     0     0     0     0     0     0
[HXTHP][HAL]STATUS[084]:     0     0     0     0     0     0     0     0     0     0     0     0
[HXTHP][HAL]STATUS[096]:     0     0     0  8888 32788 32747     0     0     0     0     0     0
[HXTHP][HAL]STATUS[108]:     0     0     0     0     0     0     0     0     0     0     0     0
[HXTHP][HAL]STATUS[120]:     0     0     0     0     0     0     0     0

HIMAX HXTP [00:26:55:241347][logStatus] 
[HXTHP][HAL]STATUS[000]:     0     1     0   187   123     7     0     0     0    19     0   360
[HXTHP][HAL]STATUS[012]:     2   222   580     0   500     0     0     0     0     0     0   678
[HXTHP][HAL]STATUS[024]:     0     0     0 39321     1   345     0     0     0     0   111     0
[HXTHP][HAL]STATUS[036]: 24436     0   102     0     0     0     0     0     0     0     0   987
[HXTHP][HAL]STATUS[048]:     0     0     0   555     0   777   255   255   888 62841   157     0
[HXTHP][HAL]STATUS[060]:     0     0     0     0     0     0     0     0     0     0     0     0
[HXTHP][HAL]STATUS[072]:     0     0     0     0     0     0     0     0     0     0     0     0
[HXTHP][HAL]STATUS[084]:     0     0     0     0     0     0     0     0     0     0     0     0
[HXTHP][HAL]STATUS[096]:     0     0     0  8888 32788 32747     0     0     0     0     0     0
[HXTHP][HAL]STATUS[108]:     0     0     0     0     0     0     0     0     0     0     0     0
[HXTHP][HAL]STATUS[120]:     0     0     0     0     0     0     0     0

HIMAX HXTP [00:26:55:252082][thp_afe_clear_status] Entering!
HIMAX HXTP [00:26:55:253604][thp_afe_clear_status] clear [calibration done] status
HIMAX HXTP [00:26:55:331181][hx_send_command] Read back command 0x10007550 : 00 00 00 00 08 00 00 00 00 00 00 00 00 00 4A 75
HIMAX HXTP [00:26:55:332526][thp_afe_clear_status] Out!
HIMAX HXTP [00:26:55:355968][logStatus] 
[HXTHP][HAL]STATUS[000]:     0     1     0   187   123     7     0     0     0    22     0   360
[HXTHP][HAL]STATUS[012]:     2   222   157     0    85     0     0     0     0     0     0   678
[HXTHP][HAL]STATUS[024]:     0     0     0 39321     1   345     0     0     0     0   111     0
[HXTHP][HAL]STATUS[036]: 25109     0   102     0     0     0     0     0     0     0     0   987
[HXTHP][HAL]STATUS[048]:     0     0     0   555     0   777   255   255   888 63247   157     0
[HXTHP][HAL]STATUS[060]:     0     0     0     0     0     0     0     0     0     0     0     0
[HXTHP][HAL]STATUS[072]:     0     0     0     0     0     0     0     0     0     0     0     0
[HXTHP][HAL]STATUS[084]:     0     0     0     0     0     0     0     0     0     0     0     0
[HXTHP][HAL]STATUS[096]:     0     0     0  8888 32794 32747     0     0   104     0     0     0
[HXTHP][HAL]STATUS[108]:     0     0     0     0     0     0     0     0     0     0     0     0
[HXTHP][HAL]STATUS[120]:     0     0     0     0     0     0     0     0

HIMAX HXTP [00:26:55:367108][thp_afe_clear_status] Entering!
HIMAX HXTP [00:26:55:368610][thp_afe_clear_status] clear [calibration done] status
HIMAX HXTP [00:26:55:442244][hx_send_command] Read back command 0x10007560 : 00 00 00 00 08 00 00 00 00 00 00 00 00 00 4A 75
HIMAX HXTP [00:26:55:443673][thp_afe_clear_status] Out!
HIMAX HXTP [00:26:55:468593][logStatus] 
[HXTHP][HAL]STATUS[000]:     0     1     0   187   123     7     0     0     0    25     0   360
[HXTHP][HAL]STATUS[012]:     2   222     0     0   129     0     0     0     0     0     0   678
[HXTHP][HAL]STATUS[024]:     0     0     0 39321     1   345     0     0     0     0   111     0
[HXTHP][HAL]STATUS[036]: 21923     0   102     0     0     0     0     0     0     0     0   987
[HXTHP][HAL]STATUS[048]:     0     0     0   555     0   777   255   255   888  2411   157     0
[HXTHP][HAL]STATUS[060]:     0     0     0     0     0     0     0     0     0     0     0     0
[HXTHP][HAL]STATUS[072]:     0     0     0     0     0     0     0     0     0     0     0     0
[HXTHP][HAL]STATUS[084]:     0     0     0     0     0     0     0     0     0     0     0     0
[HXTHP][HAL]STATUS[096]:     0     0     0  8888 32795 32747     0     0     0     0     0     0
[HXTHP][HAL]STATUS[108]:     0     0     0     0     0     0     0     0     0     0     0     0
[HXTHP][HAL]STATUS[120]:     0     0     0     0     0     0     0     0

HIMAX HXTP [00:26:55:479281][thp_afe_clear_status] Entering!
HIMAX HXTP [00:26:55:480834][thp_afe_clear_status] clear [calibration done] status
HIMAX HXTP [00:26:55:562736][readRegisterRaw_intf] ED FE AD DE
HIMAX HXTP [00:26:55:597968][hx_send_command] Read back command 0x10007570 : 00 00 00 00 08 00 00 00 00 00 00 00 00 00 4A 75
HIMAX HXTP [00:26:55:599437][thp_afe_clear_status] Out!
HIMAX HXTP [00:27:05:895609][thp_afe_reset_idle_baseline] Entering!
HIMAX HXTP [00:27:05:897177][thp_afe_reset_idle_baseline] Out!
HIMAX HXTP [00:27:05:964941][thp_afe_set_idle_touch_threshold] Entering!
HIMAX HXTP [00:27:05:966275][thp_afe_set_idle_touch_threshold] Out!
HIMAX HXTP [00:27:05:966531][thp_afe_set_baseline_update_interval] Entering!
HIMAX HXTP [00:27:05:966822][thp_afe_set_baseline_update_interval] Out!
HIMAX HXTP [00:27:05:976147][thp_afe_enter_idle] Entering!
HIMAX HXTP [00:27:06:052227][hx_send_command] Read back command 0x10007580 : 00 00 00 00 00 00 00 00 00 00 00 00 00 00 4E 75
HIMAX HXTP [00:27:06:075049][thp_afe_enter_idle] Out!
HIMAX HXTP [00:27:06:098951][logStatus] 
[HXTHP][HAL]STATUS[000]:     0     1     0     0   123     7     0     0     0  1309     0   360
[HXTHP][HAL]STATUS[012]:     2   222     0     0    10     0     0     6     0     0     0   678
[HXTHP][HAL]STATUS[024]:     0     0     0 39321     1   345     0     0     0     0   111     0
[HXTHP][HAL]STATUS[036]: 34952     0   102     0     0     0     0     0     0     0     0   987
[HXTHP][HAL]STATUS[048]:     0     0     0   555     0   777   255   255   888 52533   157     0
[HXTHP][HAL]STATUS[060]:     0     0     0     0     0     0     0     0     0     0     0     0
[HXTHP][HAL]STATUS[072]:     0     0     0     0     0     0     0     0     0     0     0     0
[HXTHP][HAL]STATUS[084]:     0     0     0     0     0     0     0     0     0     0     0     0
[HXTHP][HAL]STATUS[096]:     0     0     0  8888 32795 32747     0     0   105     0     0     0
[HXTHP][HAL]STATUS[108]:     0     0     0     0     0     0     0     0     0     0     0     0
[HXTHP][HAL]STATUS[120]:     0     0     0     0     0     0     0     0

HIMAX HXTP [00:27:06:124396][logStatus] 
[HXTHP][HAL]STATUS[000]:     0     1     0     0   123     7     0     0     0  1312     0   360
[HXTHP][HAL]STATUS[012]:     2   222    15     0   195     0     0     6     0     0     0   678
[HXTHP][HAL]STATUS[024]:     0     0     0 39321     1   345     0     0     0     0   111     0
[HXTHP][HAL]STATUS[036]: 27801     0   102     0     0     0     0     0     0     0     0   987
[HXTHP][HAL]STATUS[048]:     0     0     0   555     0   777   255   255   888 61396   157     0
[HXTHP][HAL]STATUS[060]:     0     0     0     0     0     0     0     0     0     0     0     0
[HXTHP][HAL]STATUS[072]:     0     0     0     0     0     0     0     0     0     0     0     0
[HXTHP][HAL]STATUS[084]:     0     0     0     0     0     0     0     0     0     0     0     0
[HXTHP][HAL]STATUS[096]:     0     0     0  8888 32795 32747     0     0   112     0     0     0
[HXTHP][HAL]STATUS[108]:     0     0     0     0     0     0     0     0     0     0     0     0
[HXTHP][HAL]STATUS[120]:     0     0     0     0     0     0     0     0

HIMAX HXTP [00:27:06:362083][thp_afe_get_frame] Slave INT Open!(235519us)
HIMAX HXTP [00:27:06:396610][thp_afe_get_frame] pen All zero!
HIMAX HXTP [00:27:06:398333][thp_afe_get_frame] pen All zero!
HIMAX HXTP [00:27:06:650806][thp_afe_get_frame] Master INT Open!(252254us)
HIMAX HXTP [00:27:06:695550][thp_afe_get_frame] hand All Zero!
HIMAX HXTP [00:27:06:697517][thp_afe_get_frame] Data all zero
HIMAX HXTP [00:27:06:936959][thp_afe_get_frame] Slave INT Open!(237579us)
HIMAX HXTP [00:27:06:973760][thp_afe_get_frame] pen All zero!
HIMAX HXTP [00:27:06:975334][thp_afe_get_frame] pen All zero!
HIMAX HXTP [00:27:07:214013][thp_afe_get_frame] Master INT Open!(238490us)
HIMAX HXTP [00:27:07:254420][thp_afe_get_frame] hand All Zero!
HIMAX HXTP [00:27:07:256092][thp_afe_get_frame] Data all zero
HIMAX HXTP [00:27:07:499311][thp_afe_get_frame] Slave INT Open!(241592us)
HIMAX HXTP [00:27:07:536377][thp_afe_get_frame] pen All zero!
HIMAX HXTP [00:27:07:537901][thp_afe_get_frame] pen All zero!
HIMAX HXTP [00:27:07:780262][thp_afe_get_frame] Master INT Open!(242155us)
HIMAX HXTP [00:27:07:819596][thp_afe_get_frame] hand All Zero!
HIMAX HXTP [00:27:07:821538][thp_afe_get_frame] gAllZeroCount >= 5, FW reset SOS!
HIMAX HXTP [00:27:07:824132][thp_afe_set_idle_touch_threshold] Entering!
HIMAX HXTP [00:27:07:824409][thp_afe_set_idle_touch_threshold] Out!
HIMAX HXTP [00:27:07:824647][thp_afe_set_baseline_update_interval] Entering!
HIMAX HXTP [00:27:07:824869][thp_afe_set_baseline_update_interval] Out!
HIMAX HXTP [00:27:07:833996][thp_afe_enter_idle] Entering!
HIMAX HXTP [00:27:07:907296][hx_send_command] Read back command 0x10007590 : 00 00 00 00 00 00 00 00 00 00 00 00 00 00 4E 75
HIMAX HXTP [00:27:07:932303][thp_afe_enter_idle] Out!
HIMAX HXTP [00:27:07:935282][thp_afe_stop] Entering!
HIMAX HXTP [00:27:08:003353][hx_set_raw_data_type] set raw out select : 00(0)
HIMAX HXTP [00:27:08:076884][hx_set_raw_data_type] set raw out select : 00(0)
HIMAX HXTP [00:27:08:157880][thp_afe_stop] SpiSetReset set low
HIMAX HXTP [00:27:08:159536][thp_afe_stop] Out!(ret = 0x0, io = True)
HIMAX HXTP [00:27:08:170558][thp_afe_start] Entering!
HIMAX HXTP [00:27:08:183122][thp_afe_start] SpiSetReset set high
HIMAX HXTP [00:27:08:214777][checkBusAlive] Slave Bus Alive!(0x13:0x31)
HIMAX HXTP [00:27:08:215527][checkBusAlive] Bus check pass!(0x13:0x31)
HIMAX HXTP [00:27:08:316380][hx_sense_on] Entering!(isHwReset=True)
HIMAX HXTP [00:27:08:435895][hx_set_N_frame] set N frame : 01
HIMAX HXTP [00:27:08:489942][hx_reload_set] set reload disable : disable
HIMAX HXTP [00:27:08:593187][hx_switch_mode] switch mode password(0x00000000) written!
HIMAX HXTP [00:27:08:594773][hx_hw_reset_ahb_intf] enter!
HIMAX HXTP [00:27:08:613592][hx_hw_reset_ahb_intf] clear reload done succeed
HIMAX HXTP [00:27:08:625923][hx_hw_reset_ahb_intf] SpiSetReset = 0
HIMAX HXTP [00:27:08:663975][hx_hw_reset_ahb_intf] SpiSetReset = 1
HIMAX HXTP [00:27:08:731423][hx_hw_reset_ahb_intf] out!(result=succeed)
HIMAX HXTP [00:27:08:778877][hx_sense_on] 0x900000A8 = 0x5
HIMAX HXTP [00:27:08:879722][hx_set_raw_data_type] set raw out select : F6(105)
HIMAX HXTP [00:27:08:934231][readRegisterRaw_intf] ED FE AD DE
HIMAX HXTP [00:27:08:988448][hx_set_raw_data_type] set raw out select : F6(105)
HIMAX HXTP [00:27:09:012167][hx_sense_on] Out!
HIMAX HXTP [00:27:09:057246][thp_afe_start] start cleaning buffer:
HIMAX HXTP [00:27:09:068921][thp_afe_start] slave 0 cleared
HIMAX HXTP [00:27:09:079903][thp_afe_start] master 0 cleared
HIMAX HXTP [00:27:09:090629][thp_afe_start] slave 1 cleared
HIMAX HXTP [00:27:09:103769][thp_afe_start] master 1 cleared
HIMAX HXTP [00:27:09:125898][thp_afe_start] slave 2 cleared
HIMAX HXTP [00:27:09:150580][thp_afe_start] master 2 cleared
HIMAX HXTP [00:27:09:151993][thp_afe_start] buffer clean up!
HIMAX HXTP [00:27:09:175066][thp_afe_start] time used : 1002ms
HIMAX HXTP [00:27:09:176436][thp_afe_start] return THP_AFE_OK
HIMAX HXTP [00:27:09:176694][thp_afe_start] Out!
HIMAX HXTP [00:27:09:200960][logStatus] 
[HXTHP][HAL]STATUS[000]:     0     1     0   187   123     7     0     0     0    18     0   360
[HXTHP][HAL]STATUS[012]:     2   222     2     0   777     0     0     0     0     0     0   678
[HXTHP][HAL]STATUS[024]:     0     0     0 39321     1   345     0     0     0     0   111     0
[HXTHP][HAL]STATUS[036]: 23340     0   102     0     0     0     0     0     0     0     0   987
[HXTHP][HAL]STATUS[048]:     0     0     0   555     0   777   255   255   888  4140   157     0
[HXTHP][HAL]STATUS[060]:     0     0     0     0     0     0     0     0     0     0     0     0
[HXTHP][HAL]STATUS[072]:     0     0     0     0     0     0     0     0     0     0     0     0
[HXTHP][HAL]STATUS[084]:     0     0     0     0     0     0     0     0     0     0     0     0
[HXTHP][HAL]STATUS[096]:     0     0     0  8888 32795 32740     0     0   109     0     0     0
[HXTHP][HAL]STATUS[108]:     0     0     0     0     0     0     0     0     0     0     0     0
[HXTHP][HAL]STATUS[120]:     0     0     0     0     0     0     0     0

HIMAX HXTP [00:27:09:223746][logStatus] 
[HXTHP][HAL]STATUS[000]:     0     1     0   187   123     7     0     0     0    19     0   360
[HXTHP][HAL]STATUS[012]:     2   222    61     0   777     0     0     0     0     0     0   678
[HXTHP][HAL]STATUS[024]:     0     0     0 39321     1   345     0     0     0     0   111     0
[HXTHP][HAL]STATUS[036]: 19602     0   102     0     0     0     0     0     0     0     0   987
[HXTHP][HAL]STATUS[048]:     0     0     0   555     0   777   255   255   888  6862   157     0
[HXTHP][HAL]STATUS[060]:     0     0     0     0     0     0     0     0     0     0     0     0
[HXTHP][HAL]STATUS[072]:     0     0     0     0     0     0     0     0     0     0     0     0
[HXTHP][HAL]STATUS[084]:     0     0     0     0     0     0     0     0     0     0     0     0
[HXTHP][HAL]STATUS[096]:     0     0     0  8888 32766 32747     0     0     0     0     0     0
[HXTHP][HAL]STATUS[108]:     0     0     0     0     0     0     0     0     0     0     0     0
[HXTHP][HAL]STATUS[120]:     0     0     0     0     0     0     0     0

HIMAX HXTP [00:27:09:247134][logStatus] 
[HXTHP][HAL]STATUS[000]:     0     1     0   187   123     7     0     0     0    23     0   360
[HXTHP][HAL]STATUS[012]:     2   222   364     0   113     0     0     0     0     0     0   678
[HXTHP][HAL]STATUS[024]:     0     0     0 39321     1   345     0     0     0     0   111     0
[HXTHP][HAL]STATUS[036]: 25538     0   102     0     0     0     0     0     0     0     0   987
[HXTHP][HAL]STATUS[048]:     0     0     0   555     0   777   255   255   888  3359   157     0
[HXTHP][HAL]STATUS[060]:     0     0     0     0     0     0     0     0     0     0     0     0
[HXTHP][HAL]STATUS[072]:     0     0     0     0     0     0     0     0     0     0     0     0
[HXTHP][HAL]STATUS[084]:     0     0     0     0     0     0     0     0     0     0     0     0
[HXTHP][HAL]STATUS[096]:     0     0     0  8888 32795 32747     0     0     0     0     0     0
[HXTHP][HAL]STATUS[108]:     0     0     0     0     0     0     0     0     0     0     0     0
[HXTHP][HAL]STATUS[120]:     0     0     0     0     0     0     0     0

HIMAX HXTP [00:27:09:257941][thp_afe_clear_status] Entering!
HIMAX HXTP [00:27:09:259493][thp_afe_clear_status] clear [calibration done] status
HIMAX HXTP [00:27:09:339565][hx_send_command] Read back command 0x10007550 : 00 00 00 00 08 00 00 00 00 00 00 00 00 00 4A 75
HIMAX HXTP [00:27:09:340962][thp_afe_clear_status] Out!
HIMAX HXTP [00:27:09:364043][logStatus] 
[HXTHP][HAL]STATUS[000]:     0     1     0   187   123     7     0     0     0    26     0   360
[HXTHP][HAL]STATUS[012]:     2   222   222     0   695     0     0     0     0     0     0   678
[HXTHP][HAL]STATUS[024]:     0     0     0 39321     1   345     0     0     0     0   111     0
[HXTHP][HAL]STATUS[036]: 28666     0   102     0     0     0     0     0     0     0     0   987
[HXTHP][HAL]STATUS[048]:     0     0     0   555     0   777   255   255   888 61350   157     0
[HXTHP][HAL]STATUS[060]:     0     0     0     0     0     0     0     0     0     0     0     0
[HXTHP][HAL]STATUS[072]:     0     0     0     0     0     0     0     0     0     0     0     0
[HXTHP][HAL]STATUS[084]:     0     0     0     0     0     0     0     0     0     0     0     0
[HXTHP][HAL]STATUS[096]:     0     0     0  8888 32795 32747     0     0   101     0     0     0
[HXTHP][HAL]STATUS[108]:     0     0     0     0     0     0     0     0     0     0     0     0
[HXTHP][HAL]STATUS[120]:     0     0     0     0     0     0     0     0

HIMAX HXTP [00:27:09:374305][thp_afe_clear_status] Entering!
HIMAX HXTP [00:27:09:375905][thp_afe_clear_status] clear [calibration done] status
HIMAX HXTP [00:27:09:454642][readRegisterRaw_intf] ED FE AD DE
HIMAX HXTP [00:27:09:489573][hx_send_command] Read back command 0x10007560 : 00 00 00 00 08 00 00 00 00 00 00 00 00 00 4A 75
HIMAX HXTP [00:27:09:491030][thp_afe_clear_status] Out!
HIMAX HXTP [00:27:09:514970][logStatus] 
[HXTHP][HAL]STATUS[000]:     0     1     0   187   123     7     0     0     0    28     0   360
[HXTHP][HAL]STATUS[012]:     2   222    16     0   466     0     0     0     0     0     0   678
[HXTHP][HAL]STATUS[024]:     0     0     0 39321     1   345     0     0     0     0   111     0
[HXTHP][HAL]STATUS[036]: 33686     0   102     0     0     0     0     0     0     0     0   987
[HXTHP][HAL]STATUS[048]:     0     0     0   555     0   777   255   255   888 60391   157     0
[HXTHP][HAL]STATUS[060]:     0     0     0     0     0     0     0     0     0     0     0     0
[HXTHP][HAL]STATUS[072]:     0     0     0     0     0     0     0     0     0     0     0     0
[HXTHP][HAL]STATUS[084]:     0     0     0     0     0     0     0     0     0     0     0     0
[HXTHP][HAL]STATUS[096]:     0     0     0  8888 32795 32747     0     0     0     0     0     0
[HXTHP][HAL]STATUS[108]:     0     0     0     0     0     0     0     0     0     0     0     0
[HXTHP][HAL]STATUS[120]:     0     0     0     0     0     0     0     0

HIMAX HXTP [00:27:09:525327][thp_afe_clear_status] Entering!
HIMAX HXTP [00:27:09:526949][thp_afe_clear_status] clear [calibration done] status
HIMAX HXTP [00:27:09:607194][hx_send_command] Read back command 0x10007570 : 00 00 00 00 08 00 00 00 00 00 00 00 00 00 4A 75
HIMAX HXTP [00:27:09:608608][thp_afe_clear_status] Out!
HIMAX HXTP [00:27:16:831460][thp_afe_reset_idle_baseline] Entering!
HIMAX HXTP [00:27:16:834932][thp_afe_reset_idle_baseline] Out!
HIMAX HXTP [00:27:16:901765][thp_afe_set_idle_touch_threshold] Entering!
HIMAX HXTP [00:27:16:903174][thp_afe_set_idle_touch_threshold] Out!
HIMAX HXTP [00:27:16:903445][thp_afe_set_baseline_update_interval] Entering!
HIMAX HXTP [00:27:16:903688][thp_afe_set_baseline_update_interval] Out!
HIMAX HXTP [00:27:16:913043][thp_afe_enter_idle] Entering!
HIMAX HXTP [00:27:16:989739][hx_send_command] Read back command 0x10007580 : 00 00 00 00 00 00 00 00 00 00 00 00 00 00 4E 75
HIMAX HXTP [00:27:17:013950][thp_afe_enter_idle] Out!
HIMAX HXTP [00:27:17:039207][logStatus] 
[HXTHP][HAL]STATUS[000]:     0     1     0     0   123     7     0     0     0   944     0   360
[HXTHP][HAL]STATUS[012]:     2   222   492     0    43     0     0     6     0     0     0   678
[HXTHP][HAL]STATUS[024]:     0     0     0 39321     1   345     0     0     0     0   111     0
[HXTHP][HAL]STATUS[036]: 34021     0   102     0     0     0     0     0     0     0     0   987
[HXTHP][HAL]STATUS[048]:     0     0     0   555     0   777   255   255   888 58221   157     0
[HXTHP][HAL]STATUS[060]:     0     0     0     0     0     0     0     0     0     0     0     0
[HXTHP][HAL]STATUS[072]:     0     0     0     0     0     0     0     0     0     0     0     0
[HXTHP][HAL]STATUS[084]:     0     0     0     0     0     0     0     0     0     0     0     0
[HXTHP][HAL]STATUS[096]:     0     0     0  8888 32795 32747     0     0   105     0     0     0
[HXTHP][HAL]STATUS[108]:     0     0     0     0     0     0     0     0     0     0     0     0
[HXTHP][HAL]STATUS[120]:     0     0     0     0     0     0     0     0

HIMAX HXTP [00:27:17:062452][logStatus] 
[HXTHP][HAL]STATUS[000]:     0     1     0     0   123     7     0     0     0   947     0   360
[HXTHP][HAL]STATUS[012]:     2   222     5     0     6     0     0     6     0     0     0   678
[HXTHP][HAL]STATUS[024]:     0     0     0 39321     1   345     0     0     0     0   111     0
[HXTHP][HAL]STATUS[036]: 28850     0   102     0     0     0     0     0     0     0     0   987
[HXTHP][HAL]STATUS[048]:     0     0     0   555     0   777   255   255   888 61758   157     0
[HXTHP][HAL]STATUS[060]:     0     0     0     0     0     0     0     0     0     0     0     0
[HXTHP][HAL]STATUS[072]:     0     0     0     0     0     0     0     0     0     0     0     0
[HXTHP][HAL]STATUS[084]:     0     0     0     0     0     0     0     0     0     0     0     0
[HXTHP][HAL]STATUS[096]:     0     0     0  8888 32795 32747     0     0   105     0     0     0
[HXTHP][HAL]STATUS[108]:     0     0     0     0     0     0     0     0     0     0     0     0
[HXTHP][HAL]STATUS[120]:     0     0     0     0     0     0     0     0

HIMAX HXTP [00:27:17:316069][thp_afe_get_frame] Slave INT Open!(251739us)
HIMAX HXTP [00:27:17:360575][thp_afe_get_frame] pen All zero!
HIMAX HXTP [00:27:17:362351][thp_afe_get_frame] pen All zero!
HIMAX HXTP [00:27:17:605699][thp_afe_get_frame] Master INT Open!(243151us)
HIMAX HXTP [00:27:17:641225][thp_afe_get_frame] hand All Zero!
HIMAX HXTP [00:27:17:642790][thp_afe_get_frame] Data all zero
HIMAX HXTP [00:27:17:883731][thp_afe_get_frame] Slave INT Open!(239351us)
HIMAX HXTP [00:27:17:921792][thp_afe_get_frame] pen All zero!
HIMAX HXTP [00:27:17:923341][thp_afe_get_frame] pen All zero!
HIMAX HXTP [00:27:18:176436][thp_afe_get_frame] Master INT Open!(252898us)
HIMAX HXTP [00:27:18:217668][thp_afe_get_frame] hand All Zero!
HIMAX HXTP [00:27:18:219225][thp_afe_get_frame] Data all zero
HIMAX HXTP [00:27:18:462090][thp_afe_get_frame] Slave INT Open!(241323us)
HIMAX HXTP [00:27:18:497331][thp_afe_get_frame] pen All zero!
HIMAX HXTP [00:27:18:498879][thp_afe_get_frame] pen All zero!
HIMAX HXTP [00:27:18:749866][thp_afe_get_frame] Master INT Open!(250773us)
HIMAX HXTP [00:27:18:793154][thp_afe_get_frame] hand All Zero!
HIMAX HXTP [00:27:18:795159][thp_afe_get_frame] gAllZeroCount >= 5, FW reset SOS!
HIMAX HXTP [00:27:18:797776][thp_afe_set_idle_touch_threshold] Entering!
HIMAX HXTP [00:27:18:798176][thp_afe_set_idle_touch_threshold] Out!
HIMAX HXTP [00:27:18:798490][thp_afe_set_baseline_update_interval] Entering!
HIMAX HXTP [00:27:18:798769][thp_afe_set_baseline_update_interval] Out!
HIMAX HXTP [00:27:18:809053][thp_afe_enter_idle] Entering!
HIMAX HXTP [00:27:18:884591][hx_send_command] Read back command 0x10007590 : 00 00 00 00 00 00 00 00 00 00 00 00 00 00 4E 75
HIMAX HXTP [00:27:18:907635][thp_afe_enter_idle] Out!
HIMAX HXTP [00:27:18:910571][thp_afe_stop] Entering!
HIMAX HXTP [00:27:18:979552][hx_set_raw_data_type] set raw out select : 00(0)
HIMAX HXTP [00:27:19:051363][hx_set_raw_data_type] set raw out select : 00(0)
HIMAX HXTP [00:27:19:135205][thp_afe_stop] SpiSetReset set low
HIMAX HXTP [00:27:19:136870][thp_afe_stop] Out!(ret = 0x0, io = True)
HIMAX HXTP [00:27:19:147905][thp_afe_start] Entering!
HIMAX HXTP [00:27:19:161914][thp_afe_start] SpiSetReset set high
HIMAX HXTP [00:27:19:189929][checkBusAlive] Slave Bus Alive!(0x13:0x31)
HIMAX HXTP [00:27:19:190687][checkBusAlive] Bus check pass!(0x13:0x31)
HIMAX HXTP [00:27:19:289383][hx_sense_on] Entering!(isHwReset=True)
HIMAX HXTP [00:27:19:412965][hx_set_N_frame] set N frame : 01
HIMAX HXTP [00:27:19:466669][hx_reload_set] set reload disable : disable
HIMAX HXTP [00:27:19:571728][hx_switch_mode] switch mode password(0x00000000) written!
HIMAX HXTP [00:27:19:573277][hx_hw_reset_ahb_intf] enter!
HIMAX HXTP [00:27:19:590628][hx_hw_reset_ahb_intf] clear reload done succeed
HIMAX HXTP [00:27:19:602549][hx_hw_reset_ahb_intf] SpiSetReset = 0
HIMAX HXTP [00:27:19:640663][hx_hw_reset_ahb_intf] SpiSetReset = 1
HIMAX HXTP [00:27:19:710761][hx_hw_reset_ahb_intf] out!(result=succeed)
HIMAX HXTP [00:27:19:755674][hx_sense_on] 0x900000A8 = 0x5
HIMAX HXTP [00:27:19:860134][hx_set_raw_data_type] set raw out select : F6(105)
HIMAX HXTP [00:27:19:916793][readRegisterRaw_intf] ED FE AD DE
HIMAX HXTP [00:27:19:970673][hx_set_raw_data_type] set raw out select : F6(105)
HIMAX HXTP [00:27:20:007336][hx_sense_on] Out!
HIMAX HXTP [00:27:20:053621][thp_afe_start] start cleaning buffer:
HIMAX HXTP [00:27:20:064502][thp_afe_start] slave 0 cleared
HIMAX HXTP [00:27:20:075217][thp_afe_start] master 0 cleared
HIMAX HXTP [00:27:20:086987][thp_afe_start] slave 1 cleared
HIMAX HXTP [00:27:20:098038][thp_afe_start] master 1 cleared
HIMAX HXTP [00:27:20:120094][thp_afe_start] slave 2 cleared
HIMAX HXTP [00:27:20:142157][thp_afe_start] master 2 cleared
HIMAX HXTP [00:27:20:143603][thp_afe_start] buffer clean up!
HIMAX HXTP [00:27:20:168869][thp_afe_start] time used : 1019ms
HIMAX HXTP [00:27:20:170312][thp_afe_start] return THP_AFE_OK
HIMAX HXTP [00:27:20:170555][thp_afe_start] Out!
HIMAX HXTP [00:27:20:194714][logStatus] 
[HXTHP][HAL]STATUS[000]:     0     1     0   187   123     7     0     0     0    20     0   360
[HXTHP][HAL]STATUS[012]:     2   222   101     0   111     0     0     0     0     0     0   678
[HXTHP][HAL]STATUS[024]:     0     0     0 39321     1   345     0     0     0     0   111     0
[HXTHP][HAL]STATUS[036]: 53530     0   102     0     0     0     0     0     0     0     0   987
[HXTHP][HAL]STATUS[048]:     0     0     0   555     0   777   255   255   888 39096   157     0
[HXTHP][HAL]STATUS[060]:     0     0     0     0     0     0     0     0     0     0     0     0
[HXTHP][HAL]STATUS[072]:     0     0     0     0     0     0     0     0     0     0     0     0
[HXTHP][HAL]STATUS[084]:     0     0     0     0     0     0     0     0     0     0     0     0
[HXTHP][HAL]STATUS[096]:     0     0     0  8888 32795 32747     0     0     0     0     0     0
[HXTHP][HAL]STATUS[108]:     0     0     0     0     0     0     0     0     0     0     0     0
[HXTHP][HAL]STATUS[120]:     0     0     0     0     0     0     0     0

HIMAX HXTP [00:27:20:218980][logStatus] 
[HXTHP][HAL]STATUS[000]:     0     1     0   187   123     7     0     0     0    21     0   360
[HXTHP][HAL]STATUS[012]:     2   222     1     0    69     0     0     0     0     0     0   678
[HXTHP][HAL]STATUS[024]:     0     0     0 39321     1   345     0     0     0     0   111     0
[HXTHP][HAL]STATUS[036]: 56896     0   102     0     0     0     0     0     0     0     0   987
[HXTHP][HAL]STATUS[048]:     0     0     0   555     0   777   255   255   888 38159   157     0
[HXTHP][HAL]STATUS[060]:     0     0     0     0     0     0     0     0     0     0     0     0
[HXTHP][HAL]STATUS[072]:     0     0     0     0     0     0     0     0     0     0     0     0
[HXTHP][HAL]STATUS[084]:     0     0     0     0     0     0     0     0     0     0     0     0
[HXTHP][HAL]STATUS[096]:     0     0     0  8888 32795 32747     0     0   106     0     0     0
[HXTHP][HAL]STATUS[108]:     0     0     0     0     0     0     0     0     0     0     0     0
[HXTHP][HAL]STATUS[120]:     0     0     0     0     0     0     0     0

HIMAX HXTP [00:27:20:242057][logStatus] 
[HXTHP][HAL]STATUS[000]:     0     1     0   187   123     7     0     0     0    24     0   360
[HXTHP][HAL]STATUS[012]:     2   222   110     0   104     0     0     0     0     0     0   678
[HXTHP][HAL]STATUS[024]:     0     0     0 39321     1   345     0     0     0     0   111     0
[HXTHP][HAL]STATUS[036]: 37866     0   102     0     0     0     0     0     0     0     0   987
[HXTHP][HAL]STATUS[048]:     0     0     0   555     0   777   255   255   888 49469   157     0
[HXTHP][HAL]STATUS[060]:     0     0     0     0     0     0     0     0     0     0     0     0
[HXTHP][HAL]STATUS[072]:     0     0     0     0     0     0     0     0     0     0     0     0
[HXTHP][HAL]STATUS[084]:     0     0     0     0     0     0     0     0     0     0     0     0
[HXTHP][HAL]STATUS[096]:     0     0     0  8888 32795 32747     0     0     0     0     0     0
[HXTHP][HAL]STATUS[108]:     0     0     0     0     0     0     0     0     0     0     0     0
[HXTHP][HAL]STATUS[120]:     0     0     0     0     0     0     0     0

HIMAX HXTP [00:27:20:253017][thp_afe_clear_status] Entering!
HIMAX HXTP [00:27:20:254555][thp_afe_clear_status] clear [calibration done] status
HIMAX HXTP [00:27:20:332042][hx_send_command] Read back command 0x10007550 : 00 00 00 00 08 00 00 00 00 00 00 00 00 00 4A 75
HIMAX HXTP [00:27:20:333501][thp_afe_clear_status] Out!
HIMAX HXTP [00:27:20:356510][logStatus] 
[HXTHP][HAL]STATUS[000]:     0     1     0   187   123     7     0     0     0    27     0   360
[HXTHP][HAL]STATUS[012]:     2   222     4     0    61     0     0     0     0     0     0   678
[HXTHP][HAL]STATUS[024]:     0     0     0 39321     1   345     0     0     0     0   111     0
[HXTHP][HAL]STATUS[036]: 54935     0   102     0     0     0     0     0     0     0     0   987
[HXTHP][HAL]STATUS[048]:     0     0     0   555     0   777   255   255   888 36810   157     0
[HXTHP][HAL]STATUS[060]:     0     0     0     0     0     0     0     0     0     0     0     0
[HXTHP][HAL]STATUS[072]:     0     0     0     0     0     0     0     0     0     0     0     0
[HXTHP][HAL]STATUS[084]:     0     0     0     0     0     0     0     0     0     0     0     0
[HXTHP][HAL]STATUS[096]:     0     0     0  8888 32795 32746     0     0     0     0     0     0
[HXTHP][HAL]STATUS[108]:     0     0     0     0     0     0     0     0     0     0     0     0
[HXTHP][HAL]STATUS[120]:     0     0     0     0     0     0     0     0

HIMAX HXTP [00:27:20:367214][thp_afe_clear_status] Entering!
HIMAX HXTP [00:27:20:368689][thp_afe_clear_status] clear [calibration done] status
HIMAX HXTP [00:27:20:442099][hx_send_command] Read back command 0x10007560 : 00 00 00 00 08 00 00 00 00 00 00 00 00 00 4A 75
HIMAX HXTP [00:27:20:443491][thp_afe_clear_status] Out!
HIMAX HXTP [00:27:20:468234][logStatus] 
[HXTHP][HAL]STATUS[000]:     0     1     0   187   123     7     0     0     0    30     0   360
[HXTHP][HAL]STATUS[012]:     2   222    11     0   184     0     0     0     0     0     0   678
[HXTHP][HAL]STATUS[024]:     0     0     0 39321     1   345     0     0     0     0   111     0
[HXTHP][HAL]STATUS[036]: 52330     0   102     0     0     0     0     0     0     0     0   987
[HXTHP][HAL]STATUS[048]:     0     0     0   555     0   777   255   255   888 37042   157     0
[HXTHP][HAL]STATUS[060]:     0     0     0     0     0     0     0     0     0     0     0     0
[HXTHP][HAL]STATUS[072]:     0     0     0     0     0     0     0     0     0     0     0     0
[HXTHP][HAL]STATUS[084]:     0     0     0     0     0     0     0     0     0     0     0     0
[HXTHP][HAL]STATUS[096]:     0     0     0  8888 32795 32724     0     0     0     0     0     0
[HXTHP][HAL]STATUS[108]:     0     0     0     0     0     0     0     0     0     0     0     0
[HXTHP][HAL]STATUS[120]:     0     0     0     0     0     0     0     0

HIMAX HXTP [00:27:20:478706][thp_afe_clear_status] Entering!
HIMAX HXTP [00:27:20:480269][thp_afe_clear_status] clear [calibration done] status
HIMAX HXTP [00:27:20:558803][hx_send_command] Read back command 0x10007570 : 00 00 00 00 08 00 00 00 00 00 00 00 00 00 4A 75
HIMAX HXTP [00:27:20:560218][thp_afe_clear_status] Out!
HIMAX HXTP [00:27:27:789306][thp_afe_reset_idle_baseline] Entering!
HIMAX HXTP [00:27:27:792839][thp_afe_reset_idle_baseline] Out!
HIMAX HXTP [00:27:27:861804][thp_afe_set_idle_touch_threshold] Entering!
HIMAX HXTP [00:27:27:863183][thp_afe_set_idle_touch_threshold] Out!
HIMAX HXTP [00:27:27:863449][thp_afe_set_baseline_update_interval] Entering!
HIMAX HXTP [00:27:27:863782][thp_afe_set_baseline_update_interval] Out!
HIMAX HXTP [00:27:27:873177][thp_afe_enter_idle] Entering!
HIMAX HXTP [00:27:27:946999][hx_send_command] Read back command 0x10007580 : 00 00 00 00 00 00 00 00 00 00 00 00 00 00 4E 75
HIMAX HXTP [00:27:27:970632][thp_afe_enter_idle] Out!
HIMAX HXTP [00:27:27:994376][logStatus] 
[HXTHP][HAL]STATUS[000]:     0     1     0     0   123     7     0     0     0   941     0   360
[HXTHP][HAL]STATUS[012]:     2   222    13     0   285     0     0     6     0     0     0   678
[HXTHP][HAL]STATUS[024]:     0     0     0 39321     1   345     0     0     0     0   111     0
[HXTHP][HAL]STATUS[036]: 57768     0   102     0     0     0     0     0     0     0     0   987
[HXTHP][HAL]STATUS[048]:     0     0     0   555     0   777   255   255   888 34399   157     0
[HXTHP][HAL]STATUS[060]:     0     0     0     0     0     0     0     0     0     0     0     0
[HXTHP][HAL]STATUS[072]:     0     0     0     0     0     0     0     0     0     0     0     0
[HXTHP][HAL]STATUS[084]:     0     0     0     0     0     0     0     0     0     0     0     0
[HXTHP][HAL]STATUS[096]:     0     0     0  8888 32795 32729     0     0     0     0     0     0
[HXTHP][HAL]STATUS[108]:     0     0     0     0     0     0     0     0     0     0     0     0
[HXTHP][HAL]STATUS[120]:     0     0     0     0     0     0     0     0

HIMAX HXTP [00:27:28:016780][logStatus] 
[HXTHP][HAL]STATUS[000]:     0     1     0     0   123     7     0     0     0   944     0   360
[HXTHP][HAL]STATUS[012]:     2   222     6     0    76     0     0     6     0     0     0   678
[HXTHP][HAL]STATUS[024]:     0     0     0 39321     1   345     0     0     0     0   111     0
[HXTHP][HAL]STATUS[036]: 53914     0   102     0     0     0     0     0     0     0     0   987
[HXTHP][HAL]STATUS[048]:     0     0     0   555     0   777   255   255   888 35913   157     0
[HXTHP][HAL]STATUS[060]:     0     0     0     0     0     0     0     0     0     0     0     0
[HXTHP][HAL]STATUS[072]:     0     0     0     0     0     0     0     0     0     0     0     0
[HXTHP][HAL]STATUS[084]:     0     0     0     0     0     0     0     0     0     0     0     0
[HXTHP][HAL]STATUS[096]:     0     0     0  8888 32795 32724     0     0   103     0     0     0
[HXTHP][HAL]STATUS[108]:     0     0     0     0     0     0     0     0     0     0     0     0
[HXTHP][HAL]STATUS[120]:     0     0     0     0     0     0     0     0

HIMAX HXTP [00:27:28:254086][thp_afe_get_frame] Slave INT Open!(235272us)
HIMAX HXTP [00:27:28:291435][thp_afe_get_frame] pen All zero!
HIMAX HXTP [00:27:28:292923][thp_afe_get_frame] pen All zero!
HIMAX HXTP [00:27:28:527830][thp_afe_get_frame] Master INT Open!(234706us)
HIMAX HXTP [00:27:28:573769][thp_afe_get_frame] hand All Zero!
HIMAX HXTP [00:27:28:575351][thp_afe_get_frame] Data all zero
HIMAX HXTP [00:27:28:818990][thp_afe_get_frame] Slave INT Open!(242093us)
HIMAX HXTP [00:27:28:868856][thp_afe_get_frame] pen All zero!
HIMAX HXTP [00:27:28:870233][thp_afe_get_frame] pen All zero!
HIMAX HXTP [00:27:29:112220][thp_afe_get_frame] Master INT Open!(241784us)
HIMAX HXTP [00:27:29:158600][thp_afe_get_frame] hand All Zero!
HIMAX HXTP [00:27:29:160235][thp_afe_get_frame] Data all zero
HIMAX HXTP [00:27:29:391731][thp_afe_get_frame] Slave INT Open!(229847us)
HIMAX HXTP [00:27:29:432844][thp_afe_get_frame] pen All zero!
HIMAX HXTP [00:27:29:434294][thp_afe_get_frame] pen All zero!
HIMAX HXTP [00:27:29:683288][thp_afe_get_frame] Master INT Open!(248803us)
HIMAX HXTP [00:27:29:728840][thp_afe_get_frame] hand All Zero!
HIMAX HXTP [00:27:29:730366][thp_afe_get_frame] gAllZeroCount >= 5, FW reset SOS!
HIMAX HXTP [00:27:29:732650][thp_afe_set_idle_touch_threshold] Entering!
HIMAX HXTP [00:27:29:732932][thp_afe_set_idle_touch_threshold] Out!
HIMAX HXTP [00:27:29:733170][thp_afe_set_baseline_update_interval] Entering!
HIMAX HXTP [00:27:29:733385][thp_afe_set_baseline_update_interval] Out!
HIMAX HXTP [00:27:29:743129][thp_afe_enter_idle] Entering!
HIMAX HXTP [00:27:29:819988][hx_send_command] Read back command 0x10007590 : 00 00 00 00 00 00 00 00 00 00 00 00 00 00 4E 75
HIMAX HXTP [00:27:29:843474][thp_afe_enter_idle] Out!
HIMAX HXTP [00:27:29:846408][thp_afe_stop] Entering!
HIMAX HXTP [00:27:29:919116][hx_set_raw_data_type] set raw out select : 00(0)
HIMAX HXTP [00:27:29:990259][hx_set_raw_data_type] set raw out select : 00(0)
HIMAX HXTP [00:27:30:073428][thp_afe_stop] SpiSetReset set low
HIMAX HXTP [00:27:30:075159][thp_afe_stop] Out!(ret = 0x0, io = True)
HIMAX HXTP [00:27:30:086673][thp_afe_start] Entering!
HIMAX HXTP [00:27:30:100298][thp_afe_start] SpiSetReset set high
HIMAX HXTP [00:27:30:129153][checkBusAlive] Slave Bus Alive!(0x13:0x31)
HIMAX HXTP [00:27:30:129806][checkBusAlive] Bus check pass!(0x13:0x31)
HIMAX HXTP [00:27:30:236960][hx_sense_on] Entering!(isHwReset=True)
HIMAX HXTP [00:27:30:362360][hx_set_N_frame] set N frame : 01
HIMAX HXTP [00:27:30:417983][hx_reload_set] set reload disable : disable
HIMAX HXTP [00:27:30:528793][hx_switch_mode] switch mode password(0x00000000) written!
HIMAX HXTP [00:27:30:530199][hx_hw_reset_ahb_intf] enter!
HIMAX HXTP [00:27:30:547021][hx_hw_reset_ahb_intf] clear reload done succeed
HIMAX HXTP [00:27:30:560206][hx_hw_reset_ahb_intf] SpiSetReset = 0
HIMAX HXTP [00:27:30:597949][hx_hw_reset_ahb_intf] SpiSetReset = 1
HIMAX HXTP [00:27:30:666100][hx_hw_reset_ahb_intf] out!(result=succeed)
HIMAX HXTP [00:27:30:719974][hx_sense_on] 0x900000A8 = 0x5
HIMAX HXTP [00:27:30:827296][hx_set_raw_data_type] set raw out select : F6(105)
HIMAX HXTP [00:27:30:897276][hx_set_raw_data_type] set raw out select : F6(105)
HIMAX HXTP [00:27:30:927740][hx_sense_on] Out!
HIMAX HXTP [00:27:30:976348][thp_afe_start] start cleaning buffer:
HIMAX HXTP [00:27:30:988699][thp_afe_start] slave 0 cleared
HIMAX HXTP [00:27:31:001543][thp_afe_start] master 0 cleared
HIMAX HXTP [00:27:31:014105][thp_afe_start] slave 1 cleared
HIMAX HXTP [00:27:31:025749][thp_afe_start] master 1 cleared
HIMAX HXTP [00:27:31:050177][thp_afe_start] slave 2 cleared
HIMAX HXTP [00:27:31:072873][thp_afe_start] master 2 cleared
HIMAX HXTP [00:27:31:074333][thp_afe_start] buffer clean up!
HIMAX HXTP [00:27:31:097688][thp_afe_start] time used : 1009ms
HIMAX HXTP [00:27:31:099086][thp_afe_start] return THP_AFE_OK
HIMAX HXTP [00:27:31:099354][thp_afe_start] Out!
HIMAX HXTP [00:27:31:125289][logStatus] 
[HXTHP][HAL]STATUS[000]:     0     1     0   187   123     7     0     0     0    16     0   360
[HXTHP][HAL]STATUS[012]:     2   222   167     0    51     0     0     0     0     0     0   678
[HXTHP][HAL]STATUS[024]:     0     0     0 39321     1   345     0     0     0     0   111     0
[HXTHP][HAL]STATUS[036]: 22274     0   102     0     0     0     0     0     0     0     0   987
[HXTHP][HAL]STATUS[048]:     0     0     0   555     0   777   255   255   888 63228   157     0
[HXTHP][HAL]STATUS[060]:     0     0     0     0     0     0     0     0     0     0     0     0
[HXTHP][HAL]STATUS[072]:     0     0     0     0     0     0     0     0     0     0     0     0
[HXTHP][HAL]STATUS[084]:     0     0     0     0     0     0     0     0     0     0     0     0
[HXTHP][HAL]STATUS[096]:     0     0     0  8888 32795 32743     0     0   107     0     0     0
[HXTHP][HAL]STATUS[108]:     0     0     0     0     0     0     0     0     0     0     0     0
[HXTHP][HAL]STATUS[120]:     0     0     0     0     0     0     0     0

HIMAX HXTP [00:27:31:148602][logStatus] 
[HXTHP][HAL]STATUS[000]:     0     1     0   187   123     7     0     0     0    17     0   360
[HXTHP][HAL]STATUS[012]:     2   222    51     0   351     0     0     0     0     0     0   678
[HXTHP][HAL]STATUS[024]:     0     0     0 39321     1   345     0     0     0     0   111     0
[HXTHP][HAL]STATUS[036]: 23541     0   102     0     0     0     0     0     0     0     0   987
[HXTHP][HAL]STATUS[048]:     0     0     0   555     0   777   255   255   888 62262   157     0
[HXTHP][HAL]STATUS[060]:     0     0     0     0     0     0     0     0     0     0     0     0
[HXTHP][HAL]STATUS[072]:     0     0     0     0     0     0     0     0     0     0     0     0
[HXTHP][HAL]STATUS[084]:     0     0     0     0     0     0     0     0     0     0     0     0
[HXTHP][HAL]STATUS[096]:     0     0     0  8888 32766 32747     0     0     0     0     0     0
[HXTHP][HAL]STATUS[108]:     0     0     0     0     0     0     0     0     0     0     0     0
[HXTHP][HAL]STATUS[120]:     0     0     0     0     0     0     0     0

HIMAX HXTP [00:27:31:172825][logStatus] 
[HXTHP][HAL]STATUS[000]:     0     1     0   187   123     7     0     0     0    21     0   360
[HXTHP][HAL]STATUS[012]:     2   222     0     0   366     0     0     0     0     0     0   678
[HXTHP][HAL]STATUS[024]:     0     0     0 39321     1   345     0     0     0     0   111     0
[HXTHP][HAL]STATUS[036]: 21980     0   102     0     0     0     0     0     0     0     0   987
[HXTHP][HAL]STATUS[048]:     0     0     0   555     0   777   255   255   888   366   157     0
[HXTHP][HAL]STATUS[060]:     0     0     0     0     0     0     0     0     0     0     0     0
[HXTHP][HAL]STATUS[072]:     0     0     0     0     0     0     0     0     0     0     0     0
[HXTHP][HAL]STATUS[084]:     0     0     0     0     0     0     0     0     0     0     0     0
[HXTHP][HAL]STATUS[096]:     0     0     0  8888 32766 32747     0     0     0     0     0     0
[HXTHP][HAL]STATUS[108]:     0     0     0     0     0     0     0     0     0     0     0     0
[HXTHP][HAL]STATUS[120]:     0     0     0     0     0     0     0     0

HIMAX HXTP [00:27:31:184974][thp_afe_clear_status] Entering!
HIMAX HXTP [00:27:31:186516][thp_afe_clear_status] clear [calibration done] status
HIMAX HXTP [00:27:31:265261][hx_send_command] Read back command 0x10007550 : 00 00 00 00 08 00 00 00 00 00 00 00 00 00 4A 75
HIMAX HXTP [00:27:31:266811][thp_afe_clear_status] Out!
HIMAX HXTP [00:27:31:289855][logStatus] 
[HXTHP][HAL]STATUS[000]:     0     1     0   187   123     7     0     0     0    24     0   360
[HXTHP][HAL]STATUS[012]:     2   222     0     0   167     0     0     0     0     0     0   678
[HXTHP][HAL]STATUS[024]:     0     0     0 39321     1   345     0     0     0     0   111     0
[HXTHP][HAL]STATUS[036]: 18988     0   102     0     0     0     0     0     0     0     0   987
[HXTHP][HAL]STATUS[048]:     0     0     0   555     0   777   255   255   888  1465   157     0
[HXTHP][HAL]STATUS[060]:     0     0     0     0     0     0     0     0     0     0     0     0
[HXTHP][HAL]STATUS[072]:     0     0     0     0     0     0     0     0     0     0     0     0
[HXTHP][HAL]STATUS[084]:     0     0     0     0     0     0     0     0     0     0     0     0
[HXTHP][HAL]STATUS[096]:     0     0     0  8888 32795 32747     0     0     0     0     0     0
[HXTHP][HAL]STATUS[108]:     0     0     0     0     0     0     0     0     0     0     0     0
[HXTHP][HAL]STATUS[120]:     0     0     0     0     0     0     0     0

HIMAX HXTP [00:27:31:300761][thp_afe_clear_status] Entering!
HIMAX HXTP [00:27:31:302343][thp_afe_clear_status] clear [calibration done] status
HIMAX HXTP [00:27:31:381958][hx_send_command] Read back command 0x10007560 : 00 00 00 00 08 00 00 00 00 00 00 00 00 00 4A 75
HIMAX HXTP [00:27:31:383446][thp_afe_clear_status] Out!
HIMAX HXTP [00:27:31:407738][logStatus] 
[HXTHP][HAL]STATUS[000]:     0     1     0   187   123     7     0     0     0    27     0   360
[HXTHP][HAL]STATUS[012]:     2   222    40     0  1687     0     0     0     0     0     0   678
[HXTHP][HAL]STATUS[024]:     0     0     0 39321     1   345     0     0     0     0   111     0
[HXTHP][HAL]STATUS[036]: 21645     0   102     0     0     0     0     0     0     0     0   987
[HXTHP][HAL]STATUS[048]:     0     0     0   555     0   777   255   255   888  1268   157     0
[HXTHP][HAL]STATUS[060]:     0     0     0     0     0     0     0     0     0     0     0     0
[HXTHP][HAL]STATUS[072]:     0     0     0     0     0     0     0     0     0     0     0     0
[HXTHP][HAL]STATUS[084]:     0     0     0     0     0     0     0     0     0     0     0     0
[HXTHP][HAL]STATUS[096]:     0     0     0  8888 32795 32747     0     0     0     0     0     0
[HXTHP][HAL]STATUS[108]:     0     0     0     0     0     0     0     0     0     0     0     0
[HXTHP][HAL]STATUS[120]:     0     0     0     0     0     0     0     0

HIMAX HXTP [00:27:31:418252][thp_afe_clear_status] Entering!
HIMAX HXTP [00:27:31:419767][thp_afe_clear_status] clear [calibration done] status
HIMAX HXTP [00:27:31:498790][hx_send_command] Read back command 0x10007570 : 00 00 00 00 08 00 00 00 00 00 00 00 00 00 4A 75
HIMAX HXTP [00:27:31:500212][thp_afe_clear_status] Out!
HIMAX HXTP [00:27:38:342979][thp_afe_close] Entering!
HIMAX HXTP [00:27:38:344298][thp_afe_close] Not stop yet, call stop now...
HIMAX HXTP [00:27:38:344537][thp_afe_stop] Entering!
HIMAX HXTP [00:27:38:418616][hx_set_raw_data_type] set raw out select : 00(0)
HIMAX HXTP [00:27:38:491379][hx_set_raw_data_type] set raw out select : 00(0)
HIMAX HXTP [00:27:38:585020][thp_afe_stop] SpiSetReset set low
HIMAX HXTP [00:27:38:586870][thp_afe_stop] Out!(ret = 0x0, io = True)
HIMAX HXTP [00:27:38:593063][thp_afe_close] Free SpiModule successfully
HIMAX HXTP [00:27:38:593458][thp_afe_close] AFE now closed
HIMAX HXTP [00:27:38:593753][thp_afe_close] Out!
